<?xml version="1.0" encoding="UTF-8"?>
<!-- Generated by org.testng.reporters.JUnitXMLReporter -->
<testsuite ignored="0" hostname="KEERTHI-PC" failures="0" tests="1" name="Banking Test" time="0.182" errors="0" timestamp="2021-02-06T22:00:08 IST">
  <testcase classname="com.banking.testcases.BaseClass" name="@BeforeClass setup" time="-1.612629007762E9">
    <failure type="org.testng.TestNGException" message="
Parameter &amp;apos;Browser&amp;apos; is required by BeforeClass on method setup but has not been marked @Optional or defined
in E:\selenium\project_workspace\banking_v1\TestNG.xml">
      <![CDATA[org.testng.TestNGException: 
Parameter 'Browser' is required by BeforeClass on method setup but has not been marked @Optional or defined
in E:\selenium\project_workspace\banking_v1\TestNG.xml
at java.base/java.util.ArrayList.forEach(ArrayList.java:1511)
... Removed 22 stack frames]]>
    </failure>
  </testcase> <!-- @BeforeClass setup -->
  <testcase classname="com.banking.testcases.BaseClass" name="@AfterClass tearDown" time="-1.612629007894E9">
    <skipped/>
  </testcase> <!-- @AfterClass tearDown -->
  <testcase classname="com.banking.testcases.TC_LoginTest_001" name="loginTest" time="0.0">
    <skipped/>
  </testcase> <!-- loginTest -->
</testsuite> <!-- Banking Test -->
